Using pre-set license
Built from '6000.0/staging' branch; Version is '6000.0.34f1 (5ab2d9ed9190) revision 5944025'; Using compiler version '193933523'; Build Type 'Release'
OS: 'Windows 11  (10.0.26100) 64bit Professional' Language: 'en' Physical Memory: 16198 MB
BatchMode: 1, IsHumanControllingUs: 0, StartBugReporterOnCrash: 0, Is64bit: 1, IsPro: 1

COMMAND LINE ARGUMENTS:
C:\Program Files\Unity\Hub\Editor\6000.0.34f1\Editor\Unity.exe
-adb2
-batchMode
-noUpm
-name
AssetImportWorker0
-projectPath
C:/Users/USER/OneDrive/Documents/GitHub/Enums & Coroutines
-logFile
Logs/AssetImportWorker0.log
-srvPort
58905
-job-worker-count
3
-background-job-worker-count
8
-gc-helper-count
1
Successfully changed project path to: C:/Users/USER/OneDrive/Documents/GitHub/Enums & Coroutines
C:/Users/USER/OneDrive/Documents/GitHub/Enums & Coroutines
[UnityMemory] Configuration Parameters - Can be set up in boot.config
    "memorysetup-bucket-allocator-granularity=16"
    "memorysetup-bucket-allocator-bucket-count=8"
    "memorysetup-bucket-allocator-block-size=33554432"
    "memorysetup-bucket-allocator-block-count=8"
    "memorysetup-main-allocator-block-size=16777216"
    "memorysetup-thread-allocator-block-size=16777216"
    "memorysetup-gfx-main-allocator-block-size=16777216"
    "memorysetup-gfx-thread-allocator-block-size=16777216"
    "memorysetup-cache-allocator-block-size=4194304"
    "memorysetup-typetree-allocator-block-size=2097152"
    "memorysetup-profiler-bucket-allocator-granularity=16"
    "memorysetup-profiler-bucket-allocator-bucket-count=8"
    "memorysetup-profiler-bucket-allocator-block-size=33554432"
    "memorysetup-profiler-bucket-allocator-block-count=8"
    "memorysetup-profiler-allocator-block-size=16777216"
    "memorysetup-profiler-editor-allocator-block-size=1048576"
    "memorysetup-temp-allocator-size-main=16777216"
    "memorysetup-job-temp-allocator-block-size=2097152"
    "memorysetup-job-temp-allocator-block-size-background=1048576"
    "memorysetup-job-temp-allocator-reduction-small-platforms=262144"
    "memorysetup-allocator-temp-initial-block-size-main=262144"
    "memorysetup-allocator-temp-initial-block-size-worker=262144"
    "memorysetup-temp-allocator-size-background-worker=32768"
    "memorysetup-temp-allocator-size-job-worker=262144"
    "memorysetup-temp-allocator-size-preload-manager=33554432"
    "memorysetup-temp-allocator-size-nav-mesh-worker=65536"
    "memorysetup-temp-allocator-size-audio-worker=65536"
    "memorysetup-temp-allocator-size-cloud-worker=32768"
    "memorysetup-temp-allocator-size-gi-baking-worker=262144"
    "memorysetup-temp-allocator-size-gi-baking-worker=262144"
    "memorysetup-temp-allocator-size-gi-baking-worker=262144"
    "memorysetup-temp-allocator-size-gi-baking-worker=262144"
    "memorysetup-temp-allocator-size-gi-baking-worker=262144"
    "memorysetup-temp-allocator-size-gfx=262144"
Player connection [22664]  Target information:

Player connection [22664]  * "[IP] 172.21.176.1 [Port] 0 [Flags] 2 [Guid] 670916442 [EditorId] 670916442 [Version] 1048832 [Id] WindowsEditor(7,DESKTOP-4G490FP) [Debug] 1 [PackageName] WindowsEditor [ProjectName] Editor" 

Player connection [22664]  * "[IP] 172.18.102.42 [Port] 0 [Flags] 2 [Guid] 670916442 [EditorId] 670916442 [Version] 1048832 [Id] WindowsEditor(7,DESKTOP-4G490FP) [Debug] 1 [PackageName] WindowsEditor [ProjectName] Editor" 

Player connection [22664] Host joined multi-casting on [225.0.0.222:54997]...
Player connection [22664] Host joined alternative multi-casting on [225.0.0.222:34997]...
JobSystem: Creating JobQueue using job-worker-count value 3
Input System module state changed to: Initialized.
[Physics::Module] Initialized fallback backend.
[Physics::Module] Id: 0xdecafbad
Library Redirect Path: Library/
[Physics::Module] Selected backend.
[Physics::Module] Name: PhysX
[Physics::Module] Id: 0xf2b8ea05
[Physics::Module] SDK Version: 4.1.2
[Physics::Module] Integration Version: 1.0.0
[Physics::Module] Threading Mode: Multi-Threaded
Refreshing native plugins compatible for Editor in 150.82 ms, found 3 plugins.
Preloading 0 native plugins for Editor in 0.00 ms.
Initialize engine version: 6000.0.34f1 (5ab2d9ed9190)
[Subsystems] Discovering subsystems at path C:/Program Files/Unity/Hub/Editor/6000.0.34f1/Editor/Data/Resources/UnitySubsystems
[Subsystems] Discovering subsystems at path C:/Users/USER/OneDrive/Documents/GitHub/Enums & Coroutines/Assets
GfxDevice: creating device client; kGfxThreadingModeNonThreaded
Direct3D:
    Version:  Direct3D 11.0 [level 11.1]
    Renderer: AMD Radeon Pro WX3200 Graphics (ID=0x6981)
    Vendor:   ATI
    VRAM:     4075 MB
    Driver:   31.0.21018.23005
Initialize mono
Mono path[0] = 'C:/Program Files/Unity/Hub/Editor/6000.0.34f1/Editor/Data/Managed'
Mono path[1] = 'C:/Program Files/Unity/Hub/Editor/6000.0.34f1/Editor/Data/MonoBleedingEdge/lib/mono/unityjit-win32'
Mono config path = 'C:/Program Files/Unity/Hub/Editor/6000.0.34f1/Editor/Data/MonoBleedingEdge/etc'
Using monoOptions --debugger-agent=transport=dt_socket,embedding=1,server=y,suspend=n,address=127.0.0.1:56748
Begin MonoManager ReloadAssembly
Registering precompiled unity dll's ...
Register platform support module: C:/Program Files/Unity/Hub/Editor/6000.0.34f1/Editor/Data/PlaybackEngines/WebGLSupport/UnityEditor.WebGL.Extensions.dll
Register platform support module: C:/Program Files/Unity/Hub/Editor/6000.0.34f1/Editor/Data/PlaybackEngines/WindowsStandaloneSupport/UnityEditor.WindowsStandalone.Extensions.dll
Registered in 0.017117 seconds.
- Loaded All Assemblies, in  2.744 seconds
Native extension for WindowsStandalone target not found
Native extension for WebGL target not found
Mono: successfully reloaded assembly
- Finished resetting the current domain, in  1.513 seconds
Domain Reload Profiling: 4239ms
	BeginReloadAssembly (490ms)
		ExecutionOrderSort (0ms)
		DisableScriptedObjects (0ms)
		BackupInstance (0ms)
		ReleaseScriptingObjects (0ms)
		CreateAndSetChildDomain (2ms)
	RebuildCommonClasses (128ms)
	RebuildNativeTypeToScriptingClass (49ms)
	initialDomainReloadingComplete (890ms)
	LoadAllAssembliesAndSetupDomain (1167ms)
		LoadAssemblies (475ms)
		RebuildTransferFunctionScriptingTraits (0ms)
		AnalyzeDomain (1063ms)
			TypeCache.Refresh (1060ms)
				TypeCache.ScanAssembly (1005ms)
			BuildScriptInfoCaches (0ms)
			ResolveRequiredComponents (1ms)
	FinalizeReload (1515ms)
		ReleaseScriptCaches (0ms)
		RebuildScriptCaches (0ms)
		SetupLoadedEditorAssemblies (1318ms)
			LogAssemblyErrors (0ms)
			InitializePlatformSupportModulesInManaged (121ms)
			SetLoadedEditorAssemblies (12ms)
			BeforeProcessingInitializeOnLoad (219ms)
			ProcessInitializeOnLoadAttributes (715ms)
			ProcessInitializeOnLoadMethodAttributes (251ms)
			AfterProcessingInitializeOnLoad (0ms)
			EditorAssembliesLoaded (0ms)
		ExecutionOrderSort2 (0ms)
		AwakeInstancesAfterBackupRestoration (0ms)
========================================================================
Worker process is ready to serve import requests
Import Worker Mode flag is 0x00
Begin MonoManager ReloadAssembly
Loading assembly failed: "Packages/com.unity.collab-proxy/Lib/Editor/unityplastic.dll"
Loading assembly failed: "Packages/com.unity.collab-proxy/Lib/Editor/Unity.Plastic.Antlr3.Runtime.dll"
Loading assembly failed: "Packages/com.unity.collab-proxy/Lib/Editor/Unity.Plastic.Newtonsoft.Json.dll"
Loading assembly failed: "Packages/com.unity.collab-proxy/Lib/Editor/log4netPlastic.dll"
Unloading broken assembly Library/ScriptAssemblies/Unity.PlasticSCM.Editor.dll, this assembly can cause crashes in the runtime
- Loaded All Assemblies, in  5.840 seconds
Could not load signature of Unity.PlasticSCM.Editor.Views.Branches.Dialogs.CreateBranchDialog:CreateBranchFromLastParentBranchChangeset due to: Could not load file or assembly 'unityplastic, Version=11.0.16.9031, Culture=neutral, PublicKeyToken=a107c9c6e34c8876' or one of its dependencies.
Could not load signature of Unity.PlasticSCM.Editor.Views.Branches.Dialogs.CreateBranchDialog:Create due to: Could not load file or assembly 'unityplastic, Version=11.0.16.9031, Culture=neutral, PublicKeyToken=a107c9c6e34c8876' or one of its dependencies.
Could not load signature of Unity.PlasticSCM.Editor.Views.Branches.Dialogs.CreateBranchDialog:BuildCreationData due to: Could not load file or assembly 'unityplastic, Version=11.0.16.9031, Culture=neutral, PublicKeyToken=a107c9c6e34c8876' or one of its dependencies.
Could not load signature of Unity.PlasticSCM.Editor.Views.PendingChanges.Dialogs.CheckinConflictsDialog:Show due to: Could not load file or assembly 'unityplastic, Version=11.0.16.9031, Culture=neutral, PublicKeyToken=a107c9c6e34c8876' or one of its dependencies.
Could not load signature of Unity.PlasticSCM.Editor.Views.PendingChanges.Dialogs.CheckinConflictsDialog:GetConflictsText due to: Could not load file or assembly 'unityplastic, Version=11.0.16.9031, Culture=neutral, PublicKeyToken=a107c9c6e34c8876' or one of its dependencies.
Could not load signature of Unity.PlasticSCM.Editor.Views.ConfirmContinueWithPendingChangesDialog:ConfirmContinue due to: Could not load file or assembly 'unityplastic, Version=11.0.16.9031, Culture=neutral, PublicKeyToken=a107c9c6e34c8876' or one of its dependencies.
Could not load signature of Unity.PlasticSCM.Editor.Views.ConfirmContinueWithPendingChangesDialog:Create due to: Could not load file or assembly 'unityplastic, Version=11.0.16.9031, Culture=neutral, PublicKeyToken=a107c9c6e34c8876' or one of its dependencies.
Could not load signature of Unity.PlasticSCM.Editor.Views.PendingChanges.Dialogs.EmptyCheckinMessageDialog:ShouldContinueWithCheckin due to: Could not load file or assembly 'unityplastic, Version=11.0.16.9031, Culture=neutral, PublicKeyToken=a107c9c6e34c8876' or one of its dependencies.
Could not load signature of Unity.PlasticSCM.Editor.Views.PendingChanges.Dialogs.EmptyCheckinMessageDialog:Create due to: Could not load file or assembly 'unityplastic, Version=11.0.16.9031, Culture=neutral, PublicKeyToken=a107c9c6e34c8876' or one of its dependencies.
Could not load signature of Unity.PlasticSCM.Editor.Configuration.CredentialsDialog:RequestCredentials due to: Could not load file or assembly 'unityplastic, Version=11.0.16.9031, Culture=neutral, PublicKeyToken=a107c9c6e34c8876' or one of its dependencies.
Could not load signature of Unity.PlasticSCM.Editor.Configuration.CredentialsDialog:BuildCredentialsDialogData due to: Could not load file or assembly 'unityplastic, Version=11.0.16.9031, Culture=neutral, PublicKeyToken=a107c9c6e34c8876' or one of its dependencies.
Could not load signature of Unity.PlasticSCM.Editor.Configuration.CredentialsDialog:Create due to: Could not load file or assembly 'unityplastic, Version=11.0.16.9031, Culture=neutral, PublicKeyToken=a107c9c6e34c8876' or one of its dependencies.
Could not load signature of Unity.PlasticSCM.Editor.Views.PendingChanges.Dialogs.FilterRulesConfirmationDialog:AskForConfirmation due to: Could not load file or assembly 'unityplastic, Version=11.0.16.9031, Culture=neutral, PublicKeyToken=a107c9c6e34c8876' or one of its dependencies.
Could not load signature of Unity.PlasticSCM.Editor.Views.PendingChanges.Dialogs.DependenciesDialog:IncludeDependencies due to: Could not load file or assembly 'unityplastic, Version=11.0.16.9031, Culture=neutral, PublicKeyToken=a107c9c6e34c8876' or one of its dependencies.
Could not load signature of Unity.PlasticSCM.Editor.Views.PendingChanges.Dialogs.DependenciesDialog:Create due to: Could not load file or assembly 'unityplastic, Version=11.0.16.9031, Culture=neutral, PublicKeyToken=a107c9c6e34c8876' or one of its dependencies.
Could not load signature of Unity.PlasticSCM.Editor.Views.Branches.Dialogs.DeleteBranchDialog:ConfirmDelete due to: Could not load file or assembly 'unityplastic, Version=11.0.16.9031, Culture=neutral, PublicKeyToken=a107c9c6e34c8876' or one of its dependencies.
Could not load signature of Unity.PlasticSCM.Editor.Views.Branches.Dialogs.DeleteBranchDialog:Create due to: Could not load file or assembly 'unityplastic, Version=11.0.16.9031, Culture=neutral, PublicKeyToken=a107c9c6e34c8876' or one of its dependencies.
Could not load signature of Unity.PlasticSCM.Editor.Views.Branches.Dialogs.DeleteBranchDialog:BuildDeleteBranchesConfirmationMessage due to: Could not load file or assembly 'unityplastic, Version=11.0.16.9031, Culture=neutral, PublicKeyToken=a107c9c6e34c8876' or one of its dependencies.
Could not load signature of Unity.PlasticSCM.Editor.Views.DownloadPlasticExeDialog:Show due to: Could not load file or assembly 'unityplastic, Version=11.0.16.9031, Culture=neutral, PublicKeyToken=a107c9c6e34c8876' or one of its dependencies.
Could not load signature of Unity.PlasticSCM.Editor.Views.DownloadPlasticExeDialog:Create due to: Could not load file or assembly 'unityplastic, Version=11.0.16.9031, Culture=neutral, PublicKeyToken=a107c9c6e34c8876' or one of its dependencies.
Could not load signature of Unity.PlasticSCM.Editor.Views.Diff.Dialogs.GetRestorePathDialog:GetRestorePath due to: Could not load file or assembly 'unityplastic, Version=11.0.16.9031, Culture=neutral, PublicKeyToken=a107c9c6e34c8876' or one of its dependencies.
Could not load signature of Unity.PlasticSCM.Editor.Views.Diff.Dialogs.GetRestorePathDialog:BuildGetRestorePathResult due to: Could not load file or assembly 'unityplastic, Version=11.0.16.9031, Culture=neutral, PublicKeyToken=a107c9c6e34c8876' or one of its dependencies.
Could not load signature of Unity.PlasticSCM.Editor.Views.Diff.Dialogs.GetRestorePathDialog:GetRestorePathResultType due to: Could not load file or assembly 'unityplastic, Version=11.0.16.9031, Culture=neutral, PublicKeyToken=a107c9c6e34c8876' or one of its dependencies.
Could not load signature of Unity.PlasticSCM.Editor.Views.Merge.Developer.MergeOptionsDialog:MergeOptions due to: Could not load file or assembly 'unityplastic, Version=11.0.16.9031, Culture=neutral, PublicKeyToken=a107c9c6e34c8876' or one of its dependencies.
Could not load signature of Unity.PlasticSCM.Editor.Views.Merge.Developer.MergeOptionsDialog:MergeOptionsForTesting due to: Could not load file or assembly 'unityplastic, Version=11.0.16.9031, Culture=neutral, PublicKeyToken=a107c9c6e34c8876' or one of its dependencies.
Could not load signature of Unity.PlasticSCM.Editor.Views.Merge.Developer.MergeOptionsDialog:SetMergeContributorOptions due to: Could not load file or assembly 'unityplastic, Version=11.0.16.9031, Culture=neutral, PublicKeyToken=a107c9c6e34c8876' or one of its dependencies.
Could not load signature of Unity.PlasticSCM.Editor.Views.Merge.Developer.MergeOptionsDialog:SetSkipMergeTrackingOptions due to: Could not load file or assembly 'unityplastic, Version=11.0.16.9031, Culture=neutral, PublicKeyToken=a107c9c6e34c8876' or one of its dependencies.
Could not load signature of Unity.PlasticSCM.Editor.Views.Merge.Developer.MergeOptionsDialog:SetConflictResolutionOptions due to: Could not load file or assembly 'unityplastic, Version=11.0.16.9031, Culture=neutral, PublicKeyToken=a107c9c6e34c8876' or one of its dependencies.
Could not load signature of Unity.PlasticSCM.Editor.Views.Merge.Developer.MergeOptionsDialog:SetResolutionStrategyOptions due to: Could not load file or assembly 'unityplastic, Version=11.0.16.9031, Culture=neutral, PublicKeyToken=a107c9c6e34c8876' or one of its dependencies.
Could not load signature of Unity.PlasticSCM.Editor.Views.Merge.Developer.MergeOptionsDialog:Create due to: Could not load file or assembly 'unityplastic, Version=11.0.16.9031, Culture=neutral, PublicKeyToken=a107c9c6e34c8876' or one of its dependencies.
Could not load signature of Unity.PlasticSCM.Editor.Configuration.EncryptionConfigurationDialog:RequestEncryptionPassword due to: Could not load file or assembly 'unityplastic, Version=11.0.16.9031, Culture=neutral, PublicKeyToken=a107c9c6e34c8876' or one of its dependencies.
Could not load signature of Unity.PlasticSCM.Editor.Configuration.EncryptionConfigurationDialog:BuildEncryptionConfigurationData due to: Could not load file or assembly 'unityplastic, Version=11.0.16.9031, Culture=neutral, PublicKeyToken=a107c9c6e34c8876' or one of its dependencies.
Could not load signature of Unity.PlasticSCM.Editor.Configuration.TeamEdition.TeamEditionConfigurationWindow:ShowWindow due to: Could not load file or assembly 'unityplastic, Version=11.0.16.9031, Culture=neutral, PublicKeyToken=a107c9c6e34c8876' or one of its dependencies.
Could not load signature of Unity.PlasticSCM.Editor.Configuration.TeamEdition.TeamEditionConfigurationWindow:<ConnectButton_Clicked>b__3_2 due to: Could not load file or assembly 'unityplastic, Version=11.0.16.9031, Culture=neutral, PublicKeyToken=a107c9c6e34c8876' or one of its dependencies.
Could not load signature of Unity.PlasticSCM.Editor.Configuration.TeamEdition.TeamEditionConfigurationWindow:<ConnectButton_Clicked>b__3_3 due to: Could not load file or assembly 'unityplastic, Version=11.0.16.9031, Culture=neutral, PublicKeyToken=a107c9c6e34c8876' or one of its dependencies.
Could not load signature of Unity.PlasticSCM.Editor.Configuration.TeamEdition.TeamEditionConfigurationWindow:<CheckConnectionButton_Clicked>b__5_2 due to: Could not load file or assembly 'unityplastic, Version=11.0.16.9031, Culture=neutral, PublicKeyToken=a107c9c6e34c8876' or one of its dependencies.
Could not load signature of Unity.PlasticSCM.Editor.Views.PendingChanges.Dialogs.CreateChangelistDialog:CreateChangelist due to: Could not load file or assembly 'unityplastic, Version=11.0.16.9031, Culture=neutral, PublicKeyToken=a107c9c6e34c8876' or one of its dependencies.
Could not load signature of Unity.PlasticSCM.Editor.Views.PendingChanges.Dialogs.CreateChangelistDialog:EditChangelist due to: Could not load file or assembly 'unityplastic, Version=11.0.16.9031, Culture=neutral, PublicKeyToken=a107c9c6e34c8876' or one of its dependencies.
Could not load signature of Unity.PlasticSCM.Editor.Views.PendingChanges.Dialogs.CreateChangelistDialog:Create due to: Could not load file or assembly 'unityplastic, Version=11.0.16.9031, Culture=neutral, PublicKeyToken=a107c9c6e34c8876' or one of its dependencies.
Could not load signature of Unity.PlasticSCM.Editor.Views.PendingChanges.Dialogs.CreateChangelistDialog:Edit due to: Could not load file or assembly 'unityplastic, Version=11.0.16.9031, Culture=neutral, PublicKeyToken=a107c9c6e34c8876' or one of its dependencies.
Could not load signature of Unity.PlasticSCM.Editor.Views.PendingChanges.Dialogs.CreateChangelistDialog:BuildCreationData due to: Could not load file or assembly 'unityplastic, Version=11.0.16.9031, Culture=neutral, PublicKeyToken=a107c9c6e34c8876' or one of its dependencies.
Could not load signature of Unity.PlasticSCM.Editor.Gluon.UpdateReport.UpdateReportDialog:ShowUpdateReport due to: Could not load file or assembly 'unityplastic, Version=11.0.16.9031, Culture=neutral, PublicKeyToken=a107c9c6e34c8876' or one of its dependencies.
Could not load signature of Unity.PlasticSCM.Editor.Gluon.UpdateReport.UpdateReportDialog:GetUpdateReportResult due to: Could not load file or assembly 'unityplastic, Version=11.0.16.9031, Culture=neutral, PublicKeyToken=a107c9c6e34c8876' or one of its dependencies.
Could not load signature of Unity.PlasticSCM.Editor.Gluon.UpdateReport.UpdateReportDialog:UpdateUpdateReportList due to: Could not load file or assembly 'unityplastic, Version=11.0.16.9031, Culture=neutral, PublicKeyToken=a107c9c6e34c8876' or one of its dependencies.
Could not load signature of Unity.PlasticSCM.Editor.Gluon.UpdateReport.UpdateReportDialog:GetErrorDetailsText due to: Could not load file or assembly 'unityplastic, Version=11.0.16.9031, Culture=neutral, PublicKeyToken=a107c9c6e34c8876' or one of its dependencies.
Could not load signature of Unity.PlasticSCM.Editor.Gluon.UpdateReport.UpdateReportDialog:DoErrorDetailsTextArea due to: Could not load file or assembly 'unityplastic, Version=11.0.16.9031, Culture=neutral, PublicKeyToken=a107c9c6e34c8876' or one of its dependencies.
Could not load signature of Unity.PlasticSCM.Editor.Gluon.UpdateReport.UpdateReportDialog:BuildComponents due to: Could not load file or assembly 'unityplastic, Version=11.0.16.9031, Culture=neutral, PublicKeyToken=a107c9c6e34c8876' or one of its dependencies.
Could not load signature of Unity.PlasticSCM.Editor.Gluon.UpdateReport.UpdateReportDialog:Create due to: Could not load file or assembly 'unityplastic, Version=11.0.16.9031, Culture=neutral, PublicKeyToken=a107c9c6e34c8876' or one of its dependencies.
Could not load signature of Unity.PlasticSCM.Editor.Views.Branches.Dialogs.RenameBranchDialog:GetBranchRenameData due to: Could not load file or assembly 'unityplastic, Version=11.0.16.9031, Culture=neutral, PublicKeyToken=a107c9c6e34c8876' or one of its dependencies.
Could not load signature of Unity.PlasticSCM.Editor.Views.Branches.Dialogs.RenameBranchDialog:Create due to: Could not load file or assembly 'unityplastic, Version=11.0.16.9031, Culture=neutral, PublicKeyToken=a107c9c6e34c8876' or one of its dependencies.
Could not load signature of Unity.PlasticSCM.Editor.Views.Branches.Dialogs.RenameBranchDialog:BuildRenameData due to: Could not load file or assembly 'unityplastic, Version=11.0.16.9031, Culture=neutral, PublicKeyToken=a107c9c6e34c8876' or one of its dependencies.
Refreshing native plugins compatible for Editor in 4.39 ms, found 3 plugins.
Could not load signature of Unity.PlasticSCM.Editor.Views.PendingChanges.Dialogs.CreateChangelistDialog:CreateChangelist due to: Could not load file or assembly 'unityplastic, Version=11.0.16.9031, Culture=neutral, PublicKeyToken=a107c9c6e34c8876' or one of its dependencies.
Could not load signature of Unity.PlasticSCM.Editor.Views.PendingChanges.Dialogs.CreateChangelistDialog:EditChangelist due to: Could not load file or assembly 'unityplastic, Version=11.0.16.9031, Culture=neutral, PublicKeyToken=a107c9c6e34c8876' or one of its dependencies.
Could not load signature of Unity.PlasticSCM.Editor.Views.PendingChanges.Dialogs.CreateChangelistDialog:Create due to: Could not load file or assembly 'unityplastic, Version=11.0.16.9031, Culture=neutral, PublicKeyToken=a107c9c6e34c8876' or one of its dependencies.
Could not load signature of Unity.PlasticSCM.Editor.Views.PendingChanges.Dialogs.CreateChangelistDialog:Edit due to: Could not load file or assembly 'unityplastic, Version=11.0.16.9031, Culture=neutral, PublicKeyToken=a107c9c6e34c8876' or one of its dependencies.
Could not load signature of Unity.PlasticSCM.Editor.Views.PendingChanges.Dialogs.CreateChangelistDialog:BuildCreationData due to: Could not load file or assembly 'unityplastic, Version=11.0.16.9031, Culture=neutral, PublicKeyToken=a107c9c6e34c8876' or one of its dependencies.
Could not load signature of Unity.PlasticSCM.Editor.Views.PendingChanges.Dialogs.FilterRulesConfirmationDialog:AskForConfirmation due to: Could not load file or assembly 'unityplastic, Version=11.0.16.9031, Culture=neutral, PublicKeyToken=a107c9c6e34c8876' or one of its dependencies.
Could not load signature of Unity.PlasticSCM.Editor.Gluon.UpdateReport.UpdateReportDialog:ShowUpdateReport due to: Could not load file or assembly 'unityplastic, Version=11.0.16.9031, Culture=neutral, PublicKeyToken=a107c9c6e34c8876' or one of its dependencies.
Could not load signature of Unity.PlasticSCM.Editor.Gluon.UpdateReport.UpdateReportDialog:GetUpdateReportResult due to: Could not load file or assembly 'unityplastic, Version=11.0.16.9031, Culture=neutral, PublicKeyToken=a107c9c6e34c8876' or one of its dependencies.
Could not load signature of Unity.PlasticSCM.Editor.Gluon.UpdateReport.UpdateReportDialog:UpdateUpdateReportList due to: Could not load file or assembly 'unityplastic, Version=11.0.16.9031, Culture=neutral, PublicKeyToken=a107c9c6e34c8876' or one of its dependencies.
Could not load signature of Unity.PlasticSCM.Editor.Gluon.UpdateReport.UpdateReportDialog:GetErrorDetailsText due to: Could not load file or assembly 'unityplastic, Version=11.0.16.9031, Culture=neutral, PublicKeyToken=a107c9c6e34c8876' or one of its dependencies.
Could not load signature of Unity.PlasticSCM.Editor.Gluon.UpdateReport.UpdateReportDialog:DoErrorDetailsTextArea due to: Could not load file or assembly 'unityplastic, Version=11.0.16.9031, Culture=neutral, PublicKeyToken=a107c9c6e34c8876' or one of its dependencies.
Could not load signature of Unity.PlasticSCM.Editor.Gluon.UpdateReport.UpdateReportDialog:BuildComponents due to: Could not load file or assembly 'unityplastic, Version=11.0.16.9031, Culture=neutral, PublicKeyToken=a107c9c6e34c8876' or one of its dependencies.
Could not load signature of Unity.PlasticSCM.Editor.Gluon.UpdateReport.UpdateReportDialog:Create due to: Could not load file or assembly 'unityplastic, Version=11.0.16.9031, Culture=neutral, PublicKeyToken=a107c9c6e34c8876' or one of its dependencies.
Could not load signature of Unity.PlasticSCM.Editor.Views.PendingChanges.Dialogs.CheckinConflictsDialog:Show due to: Could not load file or assembly 'unityplastic, Version=11.0.16.9031, Culture=neutral, PublicKeyToken=a107c9c6e34c8876' or one of its dependencies.
Could not load signature of Unity.PlasticSCM.Editor.Views.PendingChanges.Dialogs.CheckinConflictsDialog:GetConflictsText due to: Could not load file or assembly 'unityplastic, Version=11.0.16.9031, Culture=neutral, PublicKeyToken=a107c9c6e34c8876' or one of its dependencies.
Could not load signature of Unity.PlasticSCM.Editor.Views.ConfirmContinueWithPendingChangesDialog:ConfirmContinue due to: Could not load file or assembly 'unityplastic, Version=11.0.16.9031, Culture=neutral, PublicKeyToken=a107c9c6e34c8876' or one of its dependencies.
Could not load signature of Unity.PlasticSCM.Editor.Views.ConfirmContinueWithPendingChangesDialog:Create due to: Could not load file or assembly 'unityplastic, Version=11.0.16.9031, Culture=neutral, PublicKeyToken=a107c9c6e34c8876' or one of its dependencies.
Could not load signature of Unity.PlasticSCM.Editor.Views.Branches.Dialogs.DeleteBranchDialog:ConfirmDelete due to: Could not load file or assembly 'unityplastic, Version=11.0.16.9031, Culture=neutral, PublicKeyToken=a107c9c6e34c8876' or one of its dependencies.
Could not load signature of Unity.PlasticSCM.Editor.Views.Branches.Dialogs.DeleteBranchDialog:Create due to: Could not load file or assembly 'unityplastic, Version=11.0.16.9031, Culture=neutral, PublicKeyToken=a107c9c6e34c8876' or one of its dependencies.
Could not load signature of Unity.PlasticSCM.Editor.Views.Branches.Dialogs.DeleteBranchDialog:BuildDeleteBranchesConfirmationMessage due to: Could not load file or assembly 'unityplastic, Version=11.0.16.9031, Culture=neutral, PublicKeyToken=a107c9c6e34c8876' or one of its dependencies.
Could not load signature of Unity.PlasticSCM.Editor.Views.Diff.Dialogs.GetRestorePathDialog:GetRestorePath due to: Could not load file or assembly 'unityplastic, Version=11.0.16.9031, Culture=neutral, PublicKeyToken=a107c9c6e34c8876' or one of its dependencies.
Could not load signature of Unity.PlasticSCM.Editor.Views.Diff.Dialogs.GetRestorePathDialog:BuildGetRestorePathResult due to: Could not load file or assembly 'unityplastic, Version=11.0.16.9031, Culture=neutral, PublicKeyToken=a107c9c6e34c8876' or one of its dependencies.
Could not load signature of Unity.PlasticSCM.Editor.Views.Diff.Dialogs.GetRestorePathDialog:GetRestorePathResultType due to: Could not load file or assembly 'unityplastic, Version=11.0.16.9031, Culture=neutral, PublicKeyToken=a107c9c6e34c8876' or one of its dependencies.
Could not load signature of Unity.PlasticSCM.Editor.Configuration.TeamEdition.TeamEditionConfigurationWindow:ShowWindow due to: Could not load file or assembly 'unityplastic, Version=11.0.16.9031, Culture=neutral, PublicKeyToken=a107c9c6e34c8876' or one of its dependencies.
Could not load signature of Unity.PlasticSCM.Editor.Configuration.TeamEdition.TeamEditionConfigurationWindow:<ConnectButton_Clicked>b__3_2 due to: Could not load file or assembly 'unityplastic, Version=11.0.16.9031, Culture=neutral, PublicKeyToken=a107c9c6e34c8876' or one of its dependencies.
Could not load signature of Unity.PlasticSCM.Editor.Configuration.TeamEdition.TeamEditionConfigurationWindow:<ConnectButton_Clicked>b__3_3 due to: Could not load file or assembly 'unityplastic, Version=11.0.16.9031, Culture=neutral, PublicKeyToken=a107c9c6e34c8876' or one of its dependencies.
Could not load signature of Unity.PlasticSCM.Editor.Configuration.TeamEdition.TeamEditionConfigurationWindow:<CheckConnectionButton_Clicked>b__5_2 due to: Could not load file or assembly 'unityplastic, Version=11.0.16.9031, Culture=neutral, PublicKeyToken=a107c9c6e34c8876' or one of its dependencies.
Could not load signature of Unity.PlasticSCM.Editor.Configuration.EncryptionConfigurationDialog:RequestEncryptionPassword due to: Could not load file or assembly 'unityplastic, Version=11.0.16.9031, Culture=neutral, PublicKeyToken=a107c9c6e34c8876' or one of its dependencies.
Could not load signature of Unity.PlasticSCM.Editor.Configuration.EncryptionConfigurationDialog:BuildEncryptionConfigurationData due to: Could not load file or assembly 'unityplastic, Version=11.0.16.9031, Culture=neutral, PublicKeyToken=a107c9c6e34c8876' or one of its dependencies.
Could not load signature of Unity.PlasticSCM.Editor.Views.Branches.Dialogs.CreateBranchDialog:CreateBranchFromLastParentBranchChangeset due to: Could not load file or assembly 'unityplastic, Version=11.0.16.9031, Culture=neutral, PublicKeyToken=a107c9c6e34c8876' or one of its dependencies.
Could not load signature of Unity.PlasticSCM.Editor.Views.Branches.Dialogs.CreateBranchDialog:Create due to: Could not load file or assembly 'unityplastic, Version=11.0.16.9031, Culture=neutral, PublicKeyToken=a107c9c6e34c8876' or one of its dependencies.
Could not load signature of Unity.PlasticSCM.Editor.Views.Branches.Dialogs.CreateBranchDialog:BuildCreationData due to: Could not load file or assembly 'unityplastic, Version=11.0.16.9031, Culture=neutral, PublicKeyToken=a107c9c6e34c8876' or one of its dependencies.
Could not load signature of Unity.PlasticSCM.Editor.Views.Branches.Dialogs.RenameBranchDialog:GetBranchRenameData due to: Could not load file or assembly 'unityplastic, Version=11.0.16.9031, Culture=neutral, PublicKeyToken=a107c9c6e34c8876' or one of its dependencies.
Could not load signature of Unity.PlasticSCM.Editor.Views.Branches.Dialogs.RenameBranchDialog:Create due to: Could not load file or assembly 'unityplastic, Version=11.0.16.9031, Culture=neutral, PublicKeyToken=a107c9c6e34c8876' or one of its dependencies.
Could not load signature of Unity.PlasticSCM.Editor.Views.Branches.Dialogs.RenameBranchDialog:BuildRenameData due to: Could not load file or assembly 'unityplastic, Version=11.0.16.9031, Culture=neutral, PublicKeyToken=a107c9c6e34c8876' or one of its dependencies.
Could not load signature of Unity.PlasticSCM.Editor.Views.DownloadPlasticExeDialog:Show due to: Could not load file or assembly 'unityplastic, Version=11.0.16.9031, Culture=neutral, PublicKeyToken=a107c9c6e34c8876' or one of its dependencies.
Could not load signature of Unity.PlasticSCM.Editor.Views.DownloadPlasticExeDialog:Create due to: Could not load file or assembly 'unityplastic, Version=11.0.16.9031, Culture=neutral, PublicKeyToken=a107c9c6e34c8876' or one of its dependencies.
Could not load signature of Unity.PlasticSCM.Editor.Views.PendingChanges.Dialogs.EmptyCheckinMessageDialog:ShouldContinueWithCheckin due to: Could not load file or assembly 'unityplastic, Version=11.0.16.9031, Culture=neutral, PublicKeyToken=a107c9c6e34c8876' or one of its dependencies.
Could not load signature of Unity.PlasticSCM.Editor.Views.PendingChanges.Dialogs.EmptyCheckinMessageDialog:Create due to: Could not load file or assembly 'unityplastic, Version=11.0.16.9031, Culture=neutral, PublicKeyToken=a107c9c6e34c8876' or one of its dependencies.
Could not load signature of Unity.PlasticSCM.Editor.Views.PendingChanges.Dialogs.DependenciesDialog:IncludeDependencies due to: Could not load file or assembly 'unityplastic, Version=11.0.16.9031, Culture=neutral, PublicKeyToken=a107c9c6e34c8876' or one of its dependencies.
Could not load signature of Unity.PlasticSCM.Editor.Views.PendingChanges.Dialogs.DependenciesDialog:Create due to: Could not load file or assembly 'unityplastic, Version=11.0.16.9031, Culture=neutral, PublicKeyToken=a107c9c6e34c8876' or one of its dependencies.
Could not load signature of Unity.PlasticSCM.Editor.Configuration.CredentialsDialog:RequestCredentials due to: Could not load file or assembly 'unityplastic, Version=11.0.16.9031, Culture=neutral, PublicKeyToken=a107c9c6e34c8876' or one of its dependencies.
Could not load signature of Unity.PlasticSCM.Editor.Configuration.CredentialsDialog:BuildCredentialsDialogData due to: Could not load file or assembly 'unityplastic, Version=11.0.16.9031, Culture=neutral, PublicKeyToken=a107c9c6e34c8876' or one of its dependencies.
Could not load signature of Unity.PlasticSCM.Editor.Configuration.CredentialsDialog:Create due to: Could not load file or assembly 'unityplastic, Version=11.0.16.9031, Culture=neutral, PublicKeyToken=a107c9c6e34c8876' or one of its dependencies.
Could not load signature of Unity.PlasticSCM.Editor.Views.Merge.Developer.MergeOptionsDialog:MergeOptions due to: Could not load file or assembly 'unityplastic, Version=11.0.16.9031, Culture=neutral, PublicKeyToken=a107c9c6e34c8876' or one of its dependencies.
Could not load signature of Unity.PlasticSCM.Editor.Views.Merge.Developer.MergeOptionsDialog:MergeOptionsForTesting due to: Could not load file or assembly 'unityplastic, Version=11.0.16.9031, Culture=neutral, PublicKeyToken=a107c9c6e34c8876' or one of its dependencies.
Could not load signature of Unity.PlasticSCM.Editor.Views.Merge.Developer.MergeOptionsDialog:SetMergeContributorOptions due to: Could not load file or assembly 'unityplastic, Version=11.0.16.9031, Culture=neutral, PublicKeyToken=a107c9c6e34c8876' or one of its dependencies.
Could not load signature of Unity.PlasticSCM.Editor.Views.Merge.Developer.MergeOptionsDialog:SetSkipMergeTrackingOptions due to: Could not load file or assembly 'unityplastic, Version=11.0.16.9031, Culture=neutral, PublicKeyToken=a107c9c6e34c8876' or one of its dependencies.
Could not load signature of Unity.PlasticSCM.Editor.Views.Merge.Developer.MergeOptionsDialog:SetConflictResolutionOptions due to: Could not load file or assembly 'unityplastic, Version=11.0.16.9031, Culture=neutral, PublicKeyToken=a107c9c6e34c8876' or one of its dependencies.
Could not load signature of Unity.PlasticSCM.Editor.Views.Merge.Developer.MergeOptionsDialog:SetResolutionStrategyOptions due to: Could not load file or assembly 'unityplastic, Version=11.0.16.9031, Culture=neutral, PublicKeyToken=a107c9c6e34c8876' or one of its dependencies.
Could not load signature of Unity.PlasticSCM.Editor.Views.Merge.Developer.MergeOptionsDialog:Create due to: Could not load file or assembly 'unityplastic, Version=11.0.16.9031, Culture=neutral, PublicKeyToken=a107c9c6e34c8876' or one of its dependencies.
Native extension for WindowsStandalone target not found
Native extension for WebGL target not found
System.IO.FileNotFoundException: Could not load file or assembly 'unityplastic, Version=11.0.16.9031, Culture=neutral, PublicKeyToken=a107c9c6e34c8876' or one of its dependencies.
File name: 'unityplastic, Version=11.0.16.9031, Culture=neutral, PublicKeyToken=a107c9c6e34c8876'
  at Unity.Cloud.Collaborate.ToolbarButton.InitializeIfNeeded () [0x00000] in .\Library\PackageCache\com.unity.collab-proxy\Editor\Toolbar\ToolbarButton.cs:22 
  at Unity.Cloud.Collaborate.ToolbarBootstrap..cctor () [0x00000] in .\Library\PackageCache\com.unity.collab-proxy\Editor\Toolbar\ToolbarButton.cs:14 
UnityEngine.Debug:ExtractStackTraceNoAlloc (byte*,int,string)
UnityEngine.StackTraceUtility:ExtractStackTrace ()
UnityEngine.DebugLogHandler:Internal_Log (UnityEngine.LogType,UnityEngine.LogOption,string,UnityEngine.Object)
UnityEngine.DebugLogHandler:LogFormat (UnityEngine.LogType,UnityEngine.Object,string,object[])
UnityEngine.Logger:Log (UnityEngine.LogType,object)
UnityEngine.Debug:LogError (object)
UnityEditor.EditorAssemblies:ProcessInitializeOnLoadAttributes (System.Type[])

Shader 'Universal Render Pipeline/Nature/SpeedTree7': fallback shader 'Hidden/Universal Render Pipeline/FallbackError' not found
Shader 'Universal Render Pipeline/Nature/SpeedTree7 Billboard': fallback shader 'Hidden/Universal Render Pipeline/FallbackError' not found
Shader 'Hidden/Universal Render Pipeline/StencilDeferred': fallback shader 'Hidden/Universal Render Pipeline/FallbackError' not found
Shader 'Hidden/Universal Render Pipeline/FallbackError': fallback shader 'Hidden/Core/FallbackError' not found
Shader Hidden/ProbeVolume/VoxelizeScene is not supported: GPU does not support conservative rasterization
Shader 'Universal Render Pipeline/Lit': fallback shader 'Hidden/Universal Render Pipeline/FallbackError' not found
Shader 'Universal Render Pipeline/Particles/Unlit': fallback shader 'Hidden/Universal Render Pipeline/FallbackError' not found
Shader 'Universal Render Pipeline/Terrain/Lit': fallback shader 'Hidden/Universal Render Pipeline/FallbackError' not found
Shader 'Hidden/Universal Render Pipeline/Terrain/Lit (Add Pass)': fallback shader 'Hidden/Universal Render Pipeline/FallbackError' not found
Shader 'Hidden/Universal Render Pipeline/Terrain/Lit (Base Pass)': fallback shader 'Hidden/Universal Render Pipeline/FallbackError' not found
Mono: successfully reloaded assembly
- Finished resetting the current domain, in  3.589 seconds
Domain Reload Profiling: 9406ms
	BeginReloadAssembly (1790ms)
		ExecutionOrderSort (0ms)
		DisableScriptedObjects (45ms)
		BackupInstance (0ms)
		ReleaseScriptingObjects (4ms)
		CreateAndSetChildDomain (266ms)
	RebuildCommonClasses (186ms)
	RebuildNativeTypeToScriptingClass (62ms)
	initialDomainReloadingComplete (170ms)
	LoadAllAssembliesAndSetupDomain (3608ms)
		LoadAssemblies (2409ms)
		RebuildTransferFunctionScriptingTraits (0ms)
		AnalyzeDomain (2376ms)
			TypeCache.Refresh (1508ms)
				TypeCache.ScanAssembly (1459ms)
			BuildScriptInfoCaches (802ms)
			ResolveRequiredComponents (55ms)
	FinalizeReload (3590ms)
		ReleaseScriptCaches (0ms)
		RebuildScriptCaches (0ms)
		SetupLoadedEditorAssemblies (2920ms)
			LogAssemblyErrors (0ms)
			InitializePlatformSupportModulesInManaged (17ms)
			SetLoadedEditorAssemblies (20ms)
			BeforeProcessingInitializeOnLoad (1259ms)
			ProcessInitializeOnLoadAttributes (1128ms)
			ProcessInitializeOnLoadMethodAttributes (473ms)
			AfterProcessingInitializeOnLoad (23ms)
			EditorAssembliesLoaded (0ms)
		ExecutionOrderSort2 (0ms)
		AwakeInstancesAfterBackupRestoration (30ms)
Shader Hidden/ProbeVolume/VoxelizeScene is not supported: GPU does not support conservative rasterization
Launched and connected shader compiler UnityShaderCompiler.exe after 0.04 seconds
Refreshing native plugins compatible for Editor in 4.10 ms, found 3 plugins.
Preloading 0 native plugins for Editor in 0.00 ms.
Unloading 198 Unused Serialized files (Serialized files now loaded: 0)
Unloading 5944 unused Assets / (10.1 MB). Loaded Objects now: 6562.
Memory consumption went from 148.4 MB to 138.3 MB.
Total: 680.448500 ms (FindLiveObjects: 2.822400 ms CreateObjectMapping: 5.331700 ms MarkObjects: 582.528900 ms  DeleteObjects: 89.761500 ms)

========================================================================
Received Prepare
Begin MonoManager ReloadAssembly
- Loaded All Assemblies, in  2.346 seconds
Refreshing native plugins compatible for Editor in 4.56 ms, found 3 plugins.
Native extension for WindowsStandalone target not found
Native extension for WebGL target not found
Mono: successfully reloaded assembly
- Finished resetting the current domain, in  2.743 seconds
Domain Reload Profiling: 5075ms
	BeginReloadAssembly (574ms)
		ExecutionOrderSort (0ms)
		DisableScriptedObjects (21ms)
		BackupInstance (0ms)
		ReleaseScriptingObjects (0ms)
		CreateAndSetChildDomain (104ms)
	RebuildCommonClasses (131ms)
	RebuildNativeTypeToScriptingClass (46ms)
	initialDomainReloadingComplete (90ms)
	LoadAllAssembliesAndSetupDomain (1489ms)
		LoadAssemblies (1026ms)
		RebuildTransferFunctionScriptingTraits (0ms)
		AnalyzeDomain (811ms)
			TypeCache.Refresh (476ms)
				TypeCache.ScanAssembly (437ms)
			BuildScriptInfoCaches (297ms)
			ResolveRequiredComponents (29ms)
	FinalizeReload (2744ms)
		ReleaseScriptCaches (0ms)
		RebuildScriptCaches (0ms)
		SetupLoadedEditorAssemblies (2054ms)
			LogAssemblyErrors (0ms)
			InitializePlatformSupportModulesInManaged (10ms)
			SetLoadedEditorAssemblies (18ms)
			BeforeProcessingInitializeOnLoad (408ms)
			ProcessInitializeOnLoadAttributes (1425ms)
			ProcessInitializeOnLoadMethodAttributes (171ms)
			AfterProcessingInitializeOnLoad (22ms)
			EditorAssembliesLoaded (1ms)
		ExecutionOrderSort2 (0ms)
		AwakeInstancesAfterBackupRestoration (39ms)
Shader Hidden/ProbeVolume/VoxelizeScene is not supported: GPU does not support conservative rasterization
Refreshing native plugins compatible for Editor in 3.29 ms, found 3 plugins.
Preloading 0 native plugins for Editor in 0.00 ms.
Unloading 56 Unused Serialized files (Serialized files now loaded: 0)
Unloading 5961 unused Assets / (9.7 MB). Loaded Objects now: 6600.
Memory consumption went from 141.2 MB to 131.4 MB.
Total: 27.951300 ms (FindLiveObjects: 1.432100 ms CreateObjectMapping: 1.631300 ms MarkObjects: 12.471700 ms  DeleteObjects: 12.413700 ms)

Prepare: number of updated asset objects reloaded= 0
========================================================================
Received Import Request.
  Time since last request: 586008.919779 seconds.
  path: Assets/InputSystem_Actions.inputactions
  artifactKey: Guid(052faaac586de48259a63d0c4782560b) Importer(815301076,1909f56bfc062723c751e8b465ee728b)
Start importing Assets/InputSystem_Actions.inputactions using Guid(052faaac586de48259a63d0c4782560b) Importer(815301076,1909f56bfc062723c751e8b465ee728b) (PreviewImporter) -> (artifact id: '02e5b530d5b44d961131ffba578cd945') in 0.0752935 seconds
Number of updated asset objects reloaded before import = 0Number of asset objects unloaded after import = 19

========================================================================
Received Prepare
Shader Hidden/ProbeVolume/VoxelizeScene is not supported: GPU does not support conservative rasterization
Refreshing native plugins compatible for Editor in 62.01 ms, found 3 plugins.
Preloading 0 native plugins for Editor in 0.00 ms.
Unloading 45 Unused Serialized files (Serialized files now loaded: 0)
Unloading 5952 unused Assets / (9.1 MB). Loaded Objects now: 6601.
Memory consumption went from 139.9 MB to 130.7 MB.
Total: 108.550700 ms (FindLiveObjects: 1.403400 ms CreateObjectMapping: 1.493900 ms MarkObjects: 96.990600 ms  DeleteObjects: 8.658400 ms)

Prepare: number of updated asset objects reloaded= 0
========================================================================
Received Prepare
Begin MonoManager ReloadAssembly
- Loaded All Assemblies, in  6.271 seconds
Refreshing native plugins compatible for Editor in 3.06 ms, found 3 plugins.
Native extension for WindowsStandalone target not found
Native extension for WebGL target not found
Mono: successfully reloaded assembly
- Finished resetting the current domain, in  1.961 seconds
Domain Reload Profiling: 8222ms
	BeginReloadAssembly (1484ms)
		ExecutionOrderSort (0ms)
		DisableScriptedObjects (43ms)
		BackupInstance (0ms)
		ReleaseScriptingObjects (1ms)
		CreateAndSetChildDomain (268ms)
	RebuildCommonClasses (106ms)
	RebuildNativeTypeToScriptingClass (31ms)
	initialDomainReloadingComplete (90ms)
	LoadAllAssembliesAndSetupDomain (4549ms)
		LoadAssemblies (4968ms)
		RebuildTransferFunctionScriptingTraits (0ms)
		AnalyzeDomain (563ms)
			TypeCache.Refresh (22ms)
				TypeCache.ScanAssembly (0ms)
			BuildScriptInfoCaches (506ms)
			ResolveRequiredComponents (24ms)
	FinalizeReload (1962ms)
		ReleaseScriptCaches (0ms)
		RebuildScriptCaches (0ms)
		SetupLoadedEditorAssemblies (1180ms)
			LogAssemblyErrors (0ms)
			InitializePlatformSupportModulesInManaged (8ms)
			SetLoadedEditorAssemblies (12ms)
			BeforeProcessingInitializeOnLoad (236ms)
			ProcessInitializeOnLoadAttributes (787ms)
			ProcessInitializeOnLoadMethodAttributes (120ms)
			AfterProcessingInitializeOnLoad (17ms)
			EditorAssembliesLoaded (1ms)
		ExecutionOrderSort2 (0ms)
		AwakeInstancesAfterBackupRestoration (33ms)
Shader Hidden/ProbeVolume/VoxelizeScene is not supported: GPU does not support conservative rasterization
Refreshing native plugins compatible for Editor in 3.07 ms, found 3 plugins.
Preloading 0 native plugins for Editor in 0.00 ms.
Unloading 45 Unused Serialized files (Serialized files now loaded: 0)
Unloading 5959 unused Assets / (9.5 MB). Loaded Objects now: 6603.
Memory consumption went from 139.7 MB to 130.2 MB.
Total: 23.044100 ms (FindLiveObjects: 1.564000 ms CreateObjectMapping: 2.125400 ms MarkObjects: 10.924600 ms  DeleteObjects: 8.428200 ms)

Prepare: number of updated asset objects reloaded= 0
